[2025-03-23 23:02:27] Failed to process message
HEX:    12b25eb05e00fa
BASE64: ErJesF4A+g==

[2025-03-23 23:02:27] Failed to process message
HEX:    2c00003e00013039
BASE64: LAAAPgABMDk=

[2025-03-23 23:02:38] Failed to process message
HEX:    12b25eb05e00fa
BASE64: ErJesF4A+g==

[2025-03-23 23:02:38] Failed to process message
HEX:    2c00003e00013041
BASE64: LAAAPgABMEE=

[2025-03-23 23:03:18] Failed to process message
HEX:    7500fad02c0000
BASE64: dQD60CwAAA==

[2025-03-23 23:03:18] Failed to process message
HEX:    202825647212b25eb97500fad02c00003e0001202927677212
BASE64: ICglZHISsl65dQD60CwAAD4AASApJ2dyEg==

[2025-03-23 23:03:19] Failed to process message
HEX:    7500fad02c0000
BASE64: dQD60CwAAA==

[2025-03-23 23:03:19] Failed to process message
HEX:    202a27687212b25eb97500fad02c00003e0000201f1f547212
BASE64: IConaHISsl65dQD60CwAAD4AACAfH1RyEg==

[2025-03-23 23:03:19] Failed to process message
HEX:    7500fad02c0000
BASE64: dQD60CwAAA==

[2025-03-23 23:03:38] Failed to process message
HEX:    202726637212b25eb97500fad02c00003e0000202a27671c05
BASE64: ICcmY3ISsl65dQD60CwAAD4AACAqJ2ccBQ==

[2025-03-23 23:04:07] Failed to process message
HEX:    7500fad02c0000
BASE64: dQD60CwAAA==

[2025-03-23 23:04:07] Failed to process message
HEX:    0023223b7212b25eb97500fad02c00003e0000002723407212
BASE64: ACMiO3ISsl65dQD60CwAAD4AAAAnI0ByEg==

[2025-03-23 23:04:08] Failed to process message
HEX:    7500fad02c0000
BASE64: dQD60CwAAA==

[2025-03-23 23:14:34] Failed to process message
HEX:    7500fad02c0000
BASE64: dQD60CwAAA==

[2025-03-23 23:14:38] Failed to process message
HEX:    282a21697212b25eb97500fad02c00003e0000282b29721c05
BASE64: KCohaXISsl65dQD60CwAAD4AACgrKXIcBQ==

[2025-03-23 23:16:02] Failed to process message
HEX:    7500fad02c0000
BASE64: dQD60CwAAA==

[2025-03-23 23:39:28] Failed to process message
HEX:    7212b25eb05e00fad02c00003e000130413f877212b25eb975
BASE64: chKyXrBeAPrQLAAAPgABMEE/h3ISsl65dQ==

[2025-03-23 23:39:28] Failed to process message
HEX:    2c00003e000028
BASE64: LAAAPgAAKA==

[2025-03-23 23:39:28] Failed to process message
HEX:    7212b25eb97500fad02c00003e0000282929707212b25eb975
BASE64: chKyXrl1APrQLAAAPgAAKCkpcHISsl65dQ==

[2025-03-23 23:39:38] Failed to process message
HEX:    2c00003e000028
BASE64: LAAAPgAAKA==

[2025-03-23 23:39:44] Failed to process message
HEX:    1c05040030557212b25eb975
BASE64: HAUEADBVchKyXrl1

[2025-03-23 23:39:46] Failed to process message
HEX:    2c00003e000120
BASE64: LAAAPgABIA==

[2025-03-23 23:39:46] Failed to process message
HEX:    7212b25eb97500fad02c00003e0000202525607212b25eb975
BASE64: chKyXrl1APrQLAAAPgAAICUlYHISsl65dQ==

[2025-03-23 23:39:46] Failed to process message
HEX:    2c00003e000020
BASE64: LAAAPgAAIA==

[2025-03-23 23:41:00] Failed to process message
HEX:    7212b25eb97500fad02c00003e000028261d617212b25eb975
BASE64: chKyXrl1APrQLAAAPgAAKCYdYXISsl65dQ==

[2025-03-23 23:41:08] Failed to process message
HEX:    2c00003e000028
BASE64: LAAAPgAAKA==

[2025-03-23 23:42:48] Failed to process message
HEX:    7212b25eb97500fad02c00003e000028281f657212b25eb975
BASE64: chKyXrl1APrQLAAAPgAAKCgfZXISsl65dQ==

[2025-03-23 23:43:08] Failed to process message
HEX:    2c00003e000028
BASE64: LAAAPgAAKA==

[2025-03-23 23:44:07] Failed to process message
HEX:    7212b25eb97500fad02c00003e000028241b5d7212b25eb975
BASE64: chKyXrl1APrQLAAAPgAAKCQbXXISsl65dQ==

[2025-03-23 23:44:07] Failed to process message
HEX:    2c00003e000028
BASE64: LAAAPgAAKA==

[2025-03-23 23:44:08] Failed to process message
HEX:    7212b25eb97500fad02c00003e0000282b2a731c0503003054
BASE64: chKyXrl1APrQLAAAPgAAKCsqcxwFAwAwVA==

[2025-03-23 23:45:27] Failed to process message
HEX:    7212b25eb97500fad02c00003e000028261d61
BASE64: chKyXrl1APrQLAAAPgAAKCYdYQ==

[2025-03-23 23:45:27] Failed to process message
HEX:    7212b25eb97500fad02c00003e000028272368
BASE64: chKyXrl1APrQLAAAPgAAKCcjaA==

[2025-03-23 23:45:28] Failed to process message
HEX:    7212b25eb97500fad02c00003e00002828266c
BASE64: chKyXrl1APrQLAAAPgAAKCgmbA==

[2025-03-23 23:45:29] Failed to process message
HEX:    7212b25eb97500fad02c00003e00002829266d
BASE64: chKyXrl1APrQLAAAPgAAKCkmbQ==

[2025-03-23 23:45:38] Failed to process message
HEX:    1c0504003055
BASE64: HAUEADBV

[2025-03-23 23:45:45] Failed to process message
HEX:    7212b25eb05e00fad02c00003e000130393979
BASE64: chKyXrBeAPrQLAAAPgABMDk5eQ==

[2025-03-23 23:45:46] Failed to process message
HEX:    7212b25eb05e00fad02c00003e000130413f87
BASE64: chKyXrBeAPrQLAAAPgABMEE/hw==

[2025-03-23 23:48:31] Failed to process message
HEX:    7212b25eb97500fad02c00003e0000302a2878
BASE64: chKyXrl1APrQLAAAPgAAMCooeA==

[2025-03-23 23:58:22] Failed to process message
HEX:    7212b25eb97500fad02c00003e00003026226e
BASE64: chKyXrl1APrQLAAAPgAAMCYibg==

[2025-03-23 23:58:22] Failed to process message
HEX:    7212b25eb97500fad02c00003e0000302a2a7a
BASE64: chKyXrl1APrQLAAAPgAAMCoqeg==

[2025-03-23 23:58:22] Failed to process message
HEX:    1c0502003053
BASE64: HAUCADBT

[2025-03-23 23:58:22] Failed to process message
HEX:    7212b25eb05e00fad02c00003e000130413f87
BASE64: chKyXrBeAPrQLAAAPgABMEE/hw==

[2025-03-23 23:58:38] Failed to process message
HEX:    1c0501003052
BASE64: HAUBADBS

[2025-03-23 23:59:08] Failed to process message
HEX:    1c0500003051
BASE64: HAUAADBR

[2025-03-23 23:59:57] Failed to process message
HEX:    7212b25eb97500fad02c00003e0000282a2068
BASE64: chKyXrl1APrQLAAAPgAAKCogaA==

[2025-03-24 00:00:08] Failed to process message
HEX:    1c0501003052
BASE64: HAUBADBS

[2025-03-24 00:00:38] Failed to process message
HEX:    1c0500003051
BASE64: HAUAADBR

[2025-03-24 00:01:15] Failed to process message
HEX:    7212b25eb97500fad02c00003e0000282b226b
BASE64: chKyXrl1APrQLAAAPgAAKCsiaw==

[2025-03-24 00:01:16] Failed to process message
HEX:    7212b25eb97500fad02c00003e0000282c2b75
BASE64: chKyXrl1APrQLAAAPgAAKCwrdQ==

[2025-03-24 00:01:27] Failed to process message
HEX:    7212b25eb05e00fad02c00003e000130423881
BASE64: chKyXrBeAPrQLAAAPgABMEI4gQ==

[2025-03-24 00:01:27] Failed to process message
HEX:    7212b25eb05e00fad02c00003e00013043408a
BASE64: chKyXrBeAPrQLAAAPgABMENAig==

[2025-03-24 00:01:34] Failed to process message
HEX:    7212b2eea41100fad02c00003e2d00101f1780
BASE64: chKy7qQRAPrQLAAAPi0AEB8XgA==

[2025-03-24 00:01:38] Failed to process message
HEX:    1c0505003056
BASE64: HAUFADBW

[2025-03-24 00:02:42] Failed to process message
HEX:    1c0500003051
BASE64: HAUAADBR

[2025-03-24 00:03:08] Failed to process message
HEX:    1c0500003051
BASE64: HAUAADBR

[2025-03-24 00:03:46] Failed to process message
HEX:    7212b25eb97500fad02c00003e0000002b2849
BASE64: chKyXrl1APrQLAAAPgAAACsoSQ==

[2025-03-24 00:03:47] Failed to process message
HEX:    7212b25eb97500fad02c00003e0000202a2868
BASE64: chKyXrl1APrQLAAAPgAAICooaA==

[2025-03-24 00:03:47] Failed to process message
HEX:    7212b25eb97500fad02c00003e0000202c1e60
BASE64: chKyXrl1APrQLAAAPgAAICweYA==

[2025-03-24 00:03:53] Failed to process message
HEX:    7212b25eb97500fad02c00003e0000002b2b4c
BASE64: chKyXrl1APrQLAAAPgAAACsrTA==

[2025-03-24 00:03:53] Failed to process message
HEX:    7212b25eb97500fad02c00003e000020292665
BASE64: chKyXrl1APrQLAAAPgAAICkmZQ==

[2025-03-24 00:03:53] Failed to process message
HEX:    7212b25eb97500fad02c00003e0000202a2a6a
BASE64: chKyXrl1APrQLAAAPgAAICoqag==

[2025-03-24 00:03:54] Failed to process message
HEX:    7212b25eb97500fad02c00003e0000202b2b6c
BASE64: chKyXrl1APrQLAAAPgAAICsrbA==

[2025-03-24 00:04:08] Failed to process message
HEX:    1c0507003058
BASE64: HAUHADBY

[2025-03-24 00:07:27] Failed to process message
HEX:    1c0500003051
BASE64: HAUAADBR

[2025-03-24 00:07:27] Failed to process message
HEX:    1c0500003051
BASE64: HAUAADBR

[2025-03-24 00:07:27] Failed to process message
HEX:    7212b25eb97500fad02c00003e000030292271
BASE64: chKyXrl1APrQLAAAPgAAMCkicQ==

[2025-03-24 00:07:27] Failed to process message
HEX:    1c0501003052
BASE64: HAUBADBS

[2025-03-24 00:07:28] Failed to process message
HEX:    7212b2aa3c3f00fad02c00003e1d2010211f1c
BASE64: chKyqjw/APrQLAAAPh0gECEfHA==

[2025-03-24 00:07:38] Failed to process message
HEX:    1c0501003052
BASE64: HAUBADBS

[2025-03-24 00:07:46] Failed to process message
HEX:    7212b25eb05e00fad02c00003e00013041357d
BASE64: chKyXrBeAPrQLAAAPgABMEE1fQ==

[2025-03-24 00:21:20] Failed to process message
HEX:    1c0503003054
BASE64: HAUDADBU

[2025-03-24 00:21:20] Failed to process message
HEX:    1c0500003051
BASE64: HAUAADBR

[2025-03-24 00:21:20] Failed to process message
HEX:    1c0502003053
BASE64: HAUCADBT

[2025-03-24 00:21:20] Failed to process message
HEX:    1c0500003051
BASE64: HAUAADBR

[2025-03-24 00:21:20] Failed to process message
HEX:    1c0500003051
BASE64: HAUAADBR

[2025-03-24 00:21:20] Failed to process message
HEX:    1c0500003051
BASE64: HAUAADBR

[2025-03-24 00:21:20] Failed to process message
HEX:    1c0503003054
BASE64: HAUDADBU

[2025-03-24 00:21:20] Failed to process message
HEX:    1c0500003051
BASE64: HAUAADBR

[2025-03-24 00:21:20] Failed to process message
HEX:    1c0502003053
BASE64: HAUCADBT

[2025-03-24 00:21:20] Failed to process message
HEX:    1c0500003051
BASE64: HAUAADBR

[2025-03-24 00:21:20] Failed to process message
HEX:    1c0500003051
BASE64: HAUAADBR

[2025-03-24 00:21:20] Failed to process message
HEX:    1c0500003051
BASE64: HAUAADBR

[2025-03-24 00:21:20] Failed to process message
HEX:    1c0502003053
BASE64: HAUCADBT

[2025-03-24 00:21:20] Failed to process message
HEX:    1c0500003051
BASE64: HAUAADBR

[2025-03-24 00:21:20] Failed to process message
HEX:    1c0500003051
BASE64: HAUAADBR

[2025-03-24 00:21:20] Failed to process message
HEX:    1c0502003053
BASE64: HAUCADBT

[2025-03-24 00:21:20] Failed to process message
HEX:    1c0500003051
BASE64: HAUAADBR

[2025-03-24 00:21:20] Failed to process message
HEX:    1c0500003051
BASE64: HAUAADBR

[2025-03-24 00:21:20] Failed to process message
HEX:    1c0500003051
BASE64: HAUAADBR

[2025-03-24 00:21:20] Failed to process message
HEX:    1c0502003053
BASE64: HAUCADBT

[2025-03-24 00:21:20] Failed to process message
HEX:    1c0500003051
BASE64: HAUAADBR

[2025-03-24 00:21:20] Failed to process message
HEX:    1c0502003053
BASE64: HAUCADBT

[2025-03-24 00:21:20] Failed to process message
HEX:    1c0500003051
BASE64: HAUAADBR

[2025-03-24 00:21:37] Failed to process message
HEX:    1c0500003051
BASE64: HAUAADBR

[2025-03-24 00:22:07] Failed to process message
HEX:    1c0501003052
BASE64: HAUBADBS

[2025-03-24 00:22:37] Failed to process message
HEX:    1c0502003053
BASE64: HAUCADBT

[2025-03-24 00:23:07] Failed to process message
HEX:    1c0500003051
BASE64: HAUAADBR

[2025-03-24 00:23:37] Failed to process message
HEX:    1c0500003051
BASE64: HAUAADBR

[2025-03-24 00:24:07] Failed to process message
HEX:    1c0501003052
BASE64: HAUBADBS

[2025-03-24 00:24:37] Failed to process message
HEX:    1c0500003051
BASE64: HAUAADBR

[2025-03-24 00:25:07] Failed to process message
HEX:    1c0500003051
BASE64: HAUAADBR

[2025-03-24 00:32:37] Failed to process message
HEX:    1c0500003051
BASE64: HAUAADBR

[2025-03-24 00:33:07] Failed to process message
HEX:    1c0502003053
BASE64: HAUCADBT

[2025-03-24 00:33:42] Failed to process message
HEX:    1c0500003051
BASE64: HAUAADBR

[2025-03-24 15:39:39] Failed to process message
HEX:    7212b25eb97500fad02c00003e000030282775
BASE64: chKyXrl1APrQLAAAPgAAMCgndQ==

[2025-03-24 15:39:39] Failed to process message
HEX:    7212b25eb05e00fad02c00003e000130393676
BASE64: chKyXrBeAPrQLAAAPgABMDk2dg==

[2025-03-24 15:39:39] Failed to process message
HEX:    7212b25eb05e00fad02c00003e000130413e86
BASE64: chKyXrBeAPrQLAAAPgABMEE+hg==

[2025-03-24 15:39:39] Failed to process message
HEX:    7212b25eb97500fad02c00003e000030292776
BASE64: chKyXrl1APrQLAAAPgAAMCkndg==

[2025-03-24 15:39:39] Failed to process message
HEX:    7212b25eb05e00fad02c00003e000130383877
BASE64: chKyXrBeAPrQLAAAPgABMDg4dw==

[2025-03-24 15:39:39] Failed to process message
HEX:    7212b25eb05e00fad02c00003e000130413f87
BASE64: chKyXrBeAPrQLAAAPgABMEE/hw==

[2025-03-24 15:39:39] Failed to process message
HEX:    7212b25eb97500fad02c00003e00003026236f
BASE64: chKyXrl1APrQLAAAPgAAMCYjbw==

[2025-03-24 15:39:39] Failed to process message
HEX:    7212b25eb05e00fad02c00003e000130423f88
BASE64: chKyXrBeAPrQLAAAPgABMEI/iA==

[2025-03-24 15:39:40] Failed to process message
HEX:    7212b25eb97500fad02c00003e000030272471
BASE64: chKyXrl1APrQLAAAPgAAMCckcQ==

[2025-03-24 15:39:40] Failed to process message
HEX:    7212b25eb05e00fad02c00003e000130413d85
BASE64: chKyXrBeAPrQLAAAPgABMEE9hQ==

[2025-03-24 15:39:40] Failed to process message
HEX:    7212b25eb05e00fad02c00003e000130423c85
BASE64: chKyXrBeAPrQLAAAPgABMEI8hQ==

[2025-03-24 15:39:40] Failed to process message
HEX:    7212b25eb97500fad02c00003e00003026236f
BASE64: chKyXrl1APrQLAAAPgAAMCYjbw==

[2025-03-24 15:39:40] Failed to process message
HEX:    7212b25eb97500fad02c00003e000030282876
BASE64: chKyXrl1APrQLAAAPgAAMCgodg==

[2025-03-24 15:39:40] Failed to process message
HEX:    7212b25eb05e00fad02c00003e000130423780
BASE64: chKyXrBeAPrQLAAAPgABMEI3gA==

[2025-03-24 15:39:40] Failed to process message
HEX:    7212b25eb97500fad02c00003e00003025206b
BASE64: chKyXrl1APrQLAAAPgAAMCUgaw==

[2025-03-24 15:39:40] Failed to process message
HEX:    7212b25eb97500fad02c00003e000030272673
BASE64: chKyXrl1APrQLAAAPgAAMCcmcw==

[2025-03-24 15:39:40] Failed to process message
HEX:    7212b25eb05e00fad02c00003e000130403e85
BASE64: chKyXrBeAPrQLAAAPgABMEA+hQ==

[2025-03-24 15:39:40] Failed to process message
HEX:    7212b25eb05e00fad02c00003e000130413f87
BASE64: chKyXrBeAPrQLAAAPgABMEE/hw==

[2025-03-24 20:06:09] Failed to process message
HEX:    7212b25eb97500fad02c00003e0000282c246e
BASE64: chKyXrl1APrQLAAAPgAAKCwkbg==

[2025-03-24 20:06:59] Failed to process message
HEX:    7212b25eb97500fad02c00003e0000282c246e
BASE64: chKyXrl1APrQLAAAPgAAKCwkbg==

[2025-03-24 20:07:38] Failed to process message
HEX:    7212b25eb97500fad02c00003e0000282a226a
BASE64: chKyXrl1APrQLAAAPgAAKCoiag==

[2025-03-24 20:08:05] Failed to process message
HEX:    7212b25eb05e00fad02c00003e000130403d84
BASE64: chKyXrBeAPrQLAAAPgABMEA9hA==

[2025-03-24 20:08:10] Failed to process message
HEX:    7212b2eea41100fad02c00003e2d00101b1479
BASE64: chKy7qQRAPrQLAAAPi0AEBsUeQ==

[2025-03-24 20:08:10] Failed to process message
HEX:    7212b2eea41100fad02c00003e2d0010262696
BASE64: chKy7qQRAPrQLAAAPi0AECYmlg==

[2025-03-24 20:10:39] Failed to process message
HEX:    7212b25eb97500fad02c00003e000030232069
BASE64: chKyXrl1APrQLAAAPgAAMCMgaQ==

[2025-03-24 20:10:39] Failed to process message
HEX:    7212b25eb97500fad02c00003e000030252570
BASE64: chKyXrl1APrQLAAAPgAAMCUlcA==

[2025-03-24 20:11:10] Failed to process message
HEX:    7212b25eb05e00fad02c00003e000130413f87
BASE64: chKyXrBeAPrQLAAAPgABMEE/hw==

[2025-03-24 21:36:10] Failed to process message
HEX:    7212b25eb05e00fad02c00003e000130383877
BASE64: chKyXrBeAPrQLAAAPgABMDg4dw==

[2025-03-24 21:36:10] Failed to process message
HEX:    7212b25eb05e00fad02c00003e000130413d85
BASE64: chKyXrBeAPrQLAAAPgABMEE9hQ==

[2025-03-24 21:36:10] Failed to process message
HEX:    7212b25eb97500fad02c00003e000030222068
BASE64: chKyXrl1APrQLAAAPgAAMCIgaA==

[2025-03-24 21:36:10] Failed to process message
HEX:    7212b25eb05e00fad02c00003e000130423f88
BASE64: chKyXrBeAPrQLAAAPgABMEI/iA==

[2025-03-24 21:36:10] Failed to process message
HEX:    7212b25eb97500fad02c00003e000030221c64
BASE64: chKyXrl1APrQLAAAPgAAMCIcZA==

[2025-03-24 21:36:10] Failed to process message
HEX:    7212b25eb05e00fad02c00003e000130413d85
BASE64: chKyXrBeAPrQLAAAPgABMEE9hQ==

[2025-03-24 21:36:10] Failed to process message
HEX:    7212b25eb05e00fad02c00003e000130424089
BASE64: chKyXrBeAPrQLAAAPgABMEJAiQ==

[2025-03-24 21:36:17] Failed to process message
HEX:    7212b25eb97500fad02c00003e000028271f64
BASE64: chKyXrl1APrQLAAAPgAAKCcfZA==

[2025-03-24 22:40:59] Failed to process message
HEX:    7212b25eb97500fad02c00003e000028271e63
BASE64: chKyXrl1APrQLAAAPgAAKCceYw==

[2025-03-24 22:40:59] Failed to process message
HEX:    7212b25eb97500fad02c00003e00002828256b
BASE64: chKyXrl1APrQLAAAPgAAKCglaw==

[2025-03-24 22:41:00] Failed to process message
HEX:    7212b25eb97500fad02c00003e00002829256c
BASE64: chKyXrl1APrQLAAAPgAAKCklbA==

[2025-03-24 22:41:00] Failed to process message
HEX:    7212b25eb97500fad02c00003e0000282a266e
BASE64: chKyXrl1APrQLAAAPgAAKCombg==

[2025-03-24 22:41:21] Failed to process message
HEX:    7212b25eb05e00fad02c00003e000130414189
BASE64: chKyXrBeAPrQLAAAPgABMEFBiQ==

[2025-03-24 22:41:37] Failed to process message
HEX:    7212b25eb97500fad02c00003e000028292168
BASE64: chKyXrl1APrQLAAAPgAAKCkhaA==

[2025-03-24 22:41:37] Failed to process message
HEX:    7212b25eb97500fad02c00003e0000282a2971
BASE64: chKyXrl1APrQLAAAPgAAKCopcQ==

[2025-03-24 22:41:38] Failed to process message
HEX:    7212b25eb97500fad02c00003e0000282b2770
BASE64: chKyXrl1APrQLAAAPgAAKCsncA==

[2025-03-24 22:43:16] Failed to process message
HEX:    7212b25eb97500fad02c00003e000028221a5a
BASE64: chKyXrl1APrQLAAAPgAAKCIaWg==

[2025-03-24 22:43:16] Failed to process message
HEX:    7212b25eb97500fad02c00003e000028262367
BASE64: chKyXrl1APrQLAAAPgAAKCYjZw==

[2025-03-24 22:43:16] Failed to process message
HEX:    7212b25eb97500fad02c00003e00002828266c
BASE64: chKyXrl1APrQLAAAPgAAKCgmbA==

[2025-03-24 22:43:17] Failed to process message
HEX:    7212b25eb97500fad02c00003e0000282a256d
BASE64: chKyXrl1APrQLAAAPgAAKColbQ==

[2025-03-24 22:44:24] Failed to process message
HEX:    7212b2c6f19300fad02c00003e0a03103e3c4b
BASE64: chKyxvGTAPrQLAAAPgoDED48Sw==

[2025-03-24 22:44:24] Failed to process message
HEX:    7212b2c6f19300fad02c00003e0a0310414052
BASE64: chKyxvGTAPrQLAAAPgoDEEFAUg==

[2025-03-24 22:44:32] Failed to process message
HEX:    7212b25eb05e00fad02c00003e000130393979
BASE64: chKyXrBeAPrQLAAAPgABMDk5eQ==

[2025-03-24 22:44:32] Failed to process message
HEX:    7212b25eb05e00fad02c00003e000130424089
BASE64: chKyXrBeAPrQLAAAPgABMEJAiQ==

[2025-03-24 23:06:37] Failed to process message
HEX:    7212b25eb97500fad02c00003e0000282b236c
BASE64: chKyXrl1APrQLAAAPgAAKCsjbA==

[2025-03-24 23:14:29] Failed to process message
HEX:    7212b25eb97500fad02c00003e0000282c1f69
BASE64: chKyXrl1APrQLAAAPgAAKCwfaQ==

[2025-03-24 23:15:58] Failed to process message
HEX:    7212b25eb05e00fad02c00003e000130413d85
BASE64: chKyXrBeAPrQLAAAPgABMEE9hQ==

[2025-03-24 23:15:58] Failed to process message
HEX:    7212b25eb05e00fad02c00003e000130424089
BASE64: chKyXrBeAPrQLAAAPgABMEJAiQ==

[2025-03-24 23:17:39] Failed to process message
HEX:    7212b25eb97500fad02c00003e000030272572
BASE64: chKyXrl1APrQLAAAPgAAMCclcg==

[2025-03-24 23:17:39] Failed to process message
HEX:    7212b25eb97500fad02c00003e0000302a2979
BASE64: chKyXrl1APrQLAAAPgAAMCopeQ==

[2025-03-24 23:34:53] Failed to process message
HEX:    7212b25eb05e00fad02c00003e000130373775
BASE64: chKyXrBeAPrQLAAAPgABMDc3dQ==

[2025-03-24 23:34:53] Failed to process message
HEX:    7212b25eb05e00fad02c00003e000130403c83
BASE64: chKyXrBeAPrQLAAAPgABMEA8gw==

[2025-03-25 00:45:08] Failed to process message
HEX:    7212b25eb97500fad02c00003e000020282765
BASE64: chKyXrl1APrQLAAAPgAAICgnZQ==

[2025-03-25 00:45:10] Failed to process message
HEX:    7212b25eb97500fad02c00003e0001201e1d52
BASE64: chKyXrl1APrQLAAAPgABIB4dUg==

[2025-03-25 00:45:10] Failed to process message
HEX:    7212b25eb97500fad02c00003e000120201d54
BASE64: chKyXrl1APrQLAAAPgABICAdVA==

[2025-03-25 00:45:10] Failed to process message
HEX:    7212b25eb97500fad02c00003e00012023235d
BASE64: chKyXrl1APrQLAAAPgABICMjXQ==

[2025-03-25 00:45:10] Failed to process message
HEX:    7212b25eb97500fad02c00003e00012025205c
BASE64: chKyXrl1APrQLAAAPgABICUgXA==

[2025-03-25 00:45:11] Failed to process message
HEX:    7212b25eb97500fad02c00003e000120282766
BASE64: chKyXrl1APrQLAAAPgABICgnZg==

[2025-03-25 00:45:12] Failed to process message
HEX:    7212b25eb97500fad02c00003e00002025245f
BASE64: chKyXrl1APrQLAAAPgAAICUkXw==

[2025-03-25 00:45:12] Failed to process message
HEX:    7212b25eb97500fad02c00003e000020262662
BASE64: chKyXrl1APrQLAAAPgAAICYmYg==

[2025-03-25 00:45:16] Failed to process message
HEX:    7212b2c6f19300fad02c00003e0a031035353b
BASE64: chKyxvGTAPrQLAAAPgoDEDU1Ow==

[2025-03-25 00:45:16] Failed to process message
HEX:    7212b2c6f19300fad02c00003e0a03103d3b49
BASE64: chKyxvGTAPrQLAAAPgoDED07SQ==

[2025-03-25 00:45:36] Failed to process message
HEX:    7212b25eb97500fad02c00003e00012024215c
BASE64: chKyXrl1APrQLAAAPgABICQhXA==

[2025-03-25 00:45:36] Failed to process message
HEX:    7212b25eb97500fad02c00003e00012025215d
BASE64: chKyXrl1APrQLAAAPgABICUhXQ==

[2025-03-25 00:45:36] Failed to process message
HEX:    7212b25eb97500fad02c00003e000120262360
BASE64: chKyXrl1APrQLAAAPgABICYjYA==

[2025-03-25 00:45:37] Failed to process message
HEX:    7212b25eb97500fad02c00003e000120282665
BASE64: chKyXrl1APrQLAAAPgABICgmZQ==

[2025-03-25 00:45:38] Failed to process message
HEX:    7212b25eb97500fad02c00003e0000201e1d51
BASE64: chKyXrl1APrQLAAAPgAAIB4dUQ==

[2025-03-25 00:45:38] Failed to process message
HEX:    7212b25eb97500fad02c00003e00002024215b
BASE64: chKyXrl1APrQLAAAPgAAICQhWw==

[2025-03-25 00:45:38] Failed to process message
HEX:    7212b25eb97500fad02c00003e00002025225d
BASE64: chKyXrl1APrQLAAAPgAAICUiXQ==

[2025-03-25 00:45:40] Failed to process message
HEX:    7212b25eb97500fad02c00003e0001201e184d
BASE64: chKyXrl1APrQLAAAPgABIB4YTQ==

[2025-03-25 00:45:40] Failed to process message
HEX:    7212b25eb97500fad02c00003e000120201b52
BASE64: chKyXrl1APrQLAAAPgABICAbUg==

[2025-03-25 00:45:40] Failed to process message
HEX:    7212b25eb97500fad02c00003e000120262360
BASE64: chKyXrl1APrQLAAAPgABICYjYA==

[2025-03-25 00:45:41] Failed to process message
HEX:    7212b25eb97500fad02c00003e000120271f5d
BASE64: chKyXrl1APrQLAAAPgABICcfXQ==

[2025-03-25 00:45:42] Failed to process message
HEX:    7212b25eb97500fad02c00003e00002023215a
BASE64: chKyXrl1APrQLAAAPgAAICMhWg==

[2025-03-25 00:45:42] Failed to process message
HEX:    7212b25eb97500fad02c00003e00002024225c
BASE64: chKyXrl1APrQLAAAPgAAICQiXA==

[2025-03-25 00:45:42] Failed to process message
HEX:    7212b25eb97500fad02c00003e000020262460
BASE64: chKyXrl1APrQLAAAPgAAICYkYA==

[2025-03-26 09:14:50] Failed to process message
HEX:    7212b25eb05e00fad02c00003e0001303b3b7d
BASE64: chKyXrBeAPrQLAAAPgABMDs7fQ==

[2025-03-26 09:14:50] Failed to process message
HEX:    7212b25eb05e00fad02c00003e000130484796
BASE64: chKyXrBeAPrQLAAAPgABMEhHlg==

[2025-03-26 09:14:50] Failed to process message
HEX:    7212b25eb97500fad02c00003e0000302b2677
BASE64: chKyXrl1APrQLAAAPgAAMCsmdw==

[2025-03-26 09:14:50] Failed to process message
HEX:    7212b279492900fad02c00003e0001302222ca
BASE64: chKyeUkpAPrQLAAAPgABMCIiyg==

[2025-03-26 09:14:50] Failed to process message
HEX:    7212b279492900fad02c00003e0001302522cd
BASE64: chKyeUkpAPrQLAAAPgABMCUizQ==

[2025-03-26 09:14:50] Failed to process message
HEX:    7212b279492900fad02c00003e000130261eca
BASE64: chKyeUkpAPrQLAAAPgABMCYeyg==

[2025-03-26 09:14:50] Failed to process message
HEX:    7212b25eb05e00fad02c00003e00013046428f
BASE64: chKyXrBeAPrQLAAAPgABMEZCjw==

